<component name="libraryTable">
  <library name="junit:junit:4.9" type="repository">
    <properties maven-id="junit:junit:4.9" />
    <CLASSES>
      <root url="jar://$PROJECT_DIR$/../libs/junit-4.9.jar!/" />
      <root url="jar://$PROJECT_DIR$/../libs/hamcrest-core-1.1.jar!/" />
    </CLASSES>
    <JAVADOC>
      <root url="jar://$PROJECT_DIR$/../libs/junit-4.9-javadoc.jar!/" />
    </JAVADOC>
    <SOURCES>
      <root url="jar://$PROJECT_DIR$/../libs/junit-4.9-sources.jar!/" />
      <root url="jar://$PROJECT_DIR$/../libs/hamcrest-core-1.1-sources.jar!/" />
    </SOURCES>
  </library>
</component>